<?xml version="1.0" encoding="UTF-8"?>
<!-- Generated by org.testng.reporters.JUnitXMLReporter -->
<testsuite ignored="0" hostname="DESKTOP-QA4MQIL" failures="0" tests="6" name="Default test" time="78.361" errors="0" timestamp="2023-04-27T23:38:37 BDT">
  <testcase classname="testcases.LoginPageTest" name="loginTestErrorOne" time="13.834"/>
  <testcase classname="testcases.LoginPageTest" name="loginTestErrorOne" time="12.005"/>
  <testcase classname="testcases.LoginPageTest" name="loginTestErrorOne" time="11.166"/>
  <testcase classname="testcases.LoginPageTest" name="loginTestErrorTwo" time="14.219"/>
  <testcase classname="testcases.LoginPageTest" name="loginTestErrorTwo" time="11.482"/>
  <testcase classname="testcases.LoginPageTest" name="loginTestErrorTwo" time="11.639"/>
</testsuite> <!-- Default test -->
