<?xml version="1.0" encoding="UTF-8"?>
<testng-results ignored="0" total="6" passed="6" failed="0" skipped="0">
  <reporter-output>
  </reporter-output>
  <suite started-at="2023-04-27T23:37:18 BDT" name="Default suite" finished-at="2023-04-27T23:38:37 BDT" duration-ms="78361">
    <groups>
    </groups>
    <test started-at="2023-04-27T23:37:18 BDT" name="Default test" finished-at="2023-04-27T23:38:37 BDT" duration-ms="78361">
      <class name="testcases.LoginPageTest">
        <test-method is-config="true" signature="start()[pri:0, instance:testcases.LoginPageTest@7582ff54]" started-at="2023-04-27T23:37:18 BDT" name="start" finished-at="2023-04-27T23:37:22 BDT" duration-ms="3266" status="PASS">
          <reporter-output>
          </reporter-output>
        </test-method> <!-- start -->
        <test-method signature="loginTestErrorOne(java.lang.String,java.lang.String,java.lang.String)[pri:0, instance:testcases.LoginPageTest@7582ff54]" started-at="2023-04-27T23:37:22 BDT" name="loginTestErrorOne" description="Login functionality test with invalid test data." data-provider="LoginErrorDataOne" finished-at="2023-04-27T23:37:36 BDT" duration-ms="13834" status="PASS">
          <params>
            <param index="0">
              <value>
                <![CDATA[zdsfdas@fds.com]]>
              </value>
            </param>
            <param index="1">
              <value>
                <![CDATA[12345]]>
              </value>
            </param>
            <param index="2">
              <value>
                <![CDATA[Wrong email or phone ]]>
              </value>
            </param>
          </params>
          <reporter-output>
          </reporter-output>
        </test-method> <!-- loginTestErrorOne -->
        <test-method signature="loginTestErrorOne(java.lang.String,java.lang.String,java.lang.String)[pri:0, instance:testcases.LoginPageTest@7582ff54]" started-at="2023-04-27T23:37:36 BDT" name="loginTestErrorOne" description="Login functionality test with invalid test data." data-provider="LoginErrorDataOne" finished-at="2023-04-27T23:37:48 BDT" duration-ms="12005" status="PASS">
          <params>
            <param index="0">
              <value>
                <![CDATA[hgfhgfcas@fds.com]]>
              </value>
            </param>
            <param index="1">
              <value>
                <![CDATA[12345]]>
              </value>
            </param>
            <param index="2">
              <value>
                <![CDATA[Wrong email or phone ]]>
              </value>
            </param>
          </params>
          <reporter-output>
          </reporter-output>
        </test-method> <!-- loginTestErrorOne -->
        <test-method signature="loginTestErrorOne(java.lang.String,java.lang.String,java.lang.String)[pri:0, instance:testcases.LoginPageTest@7582ff54]" started-at="2023-04-27T23:37:48 BDT" name="loginTestErrorOne" description="Login functionality test with invalid test data." data-provider="LoginErrorDataOne" finished-at="2023-04-27T23:37:59 BDT" duration-ms="11166" status="PASS">
          <params>
            <param index="0">
              <value>
                <![CDATA[cas@fdscom]]>
              </value>
            </param>
            <param index="1">
              <value>
                <![CDATA[5645]]>
              </value>
            </param>
            <param index="2">
              <value>
                <![CDATA[Wrong email or phone ]]>
              </value>
            </param>
          </params>
          <reporter-output>
          </reporter-output>
        </test-method> <!-- loginTestErrorOne -->
        <test-method signature="loginTestErrorTwo(java.lang.String,java.lang.String,java.lang.String)[pri:0, instance:testcases.LoginPageTest@7582ff54]" started-at="2023-04-27T23:37:59 BDT" name="loginTestErrorTwo" description="Login functionality test with invalid test data." data-provider="LoginErrorDataTwo" finished-at="2023-04-27T23:38:13 BDT" duration-ms="14219" status="PASS">
          <params>
            <param index="0">
              <value>
                <![CDATA[zdsfdasfds.com]]>
              </value>
            </param>
            <param index="1">
              <value>
                <![CDATA[12345]]>
              </value>
            </param>
            <param index="2">
              <value>
                <![CDATA[Wrong email/phone or password]]>
              </value>
            </param>
          </params>
          <reporter-output>
          </reporter-output>
        </test-method> <!-- loginTestErrorTwo -->
        <test-method signature="loginTestErrorTwo(java.lang.String,java.lang.String,java.lang.String)[pri:0, instance:testcases.LoginPageTest@7582ff54]" started-at="2023-04-27T23:38:13 BDT" name="loginTestErrorTwo" description="Login functionality test with invalid test data." data-provider="LoginErrorDataTwo" finished-at="2023-04-27T23:38:25 BDT" duration-ms="11482" status="PASS">
          <params>
            <param index="0">
              <value>
                <![CDATA[hgfhgfcasfds.com]]>
              </value>
            </param>
            <param index="1">
              <value>
                <![CDATA[12345]]>
              </value>
            </param>
            <param index="2">
              <value>
                <![CDATA[Wrong email/phone or password]]>
              </value>
            </param>
          </params>
          <reporter-output>
          </reporter-output>
        </test-method> <!-- loginTestErrorTwo -->
        <test-method signature="loginTestErrorTwo(java.lang.String,java.lang.String,java.lang.String)[pri:0, instance:testcases.LoginPageTest@7582ff54]" started-at="2023-04-27T23:38:25 BDT" name="loginTestErrorTwo" description="Login functionality test with invalid test data." data-provider="LoginErrorDataTwo" finished-at="2023-04-27T23:38:36 BDT" duration-ms="11639" status="PASS">
          <params>
            <param index="0">
              <value>
                <![CDATA[casfdscom]]>
              </value>
            </param>
            <param index="1">
              <value>
                <![CDATA[5645]]>
              </value>
            </param>
            <param index="2">
              <value>
                <![CDATA[Wrong email/phone or password]]>
              </value>
            </param>
          </params>
          <reporter-output>
          </reporter-output>
        </test-method> <!-- loginTestErrorTwo -->
        <test-method is-config="true" signature="quitBrowser()[pri:0, instance:testcases.LoginPageTest@7582ff54]" started-at="2023-04-27T23:38:36 BDT" name="quitBrowser" finished-at="2023-04-27T23:38:37 BDT" duration-ms="530" status="PASS">
          <reporter-output>
          </reporter-output>
        </test-method> <!-- quitBrowser -->
      </class> <!-- testcases.LoginPageTest -->
    </test> <!-- Default test -->
  </suite> <!-- Default suite -->
</testng-results>
